4.9171 0 1
4.95897 0.0296066 2
4.86971 0.0755023 3
4.91033 0.0666623 4
4.96656 0.0733064 5
5.04555 0.0945059 6
5.09419 0.0926784 7
5.11642 0.083717 8
5.01648 0.120067 9
5.02626 0.108458 10
5.11993 0.133038 11
5.11816 0.121963 12
5.08882 0.116056 13
5.07611 0.10846 14
5.05513 0.103237 15
5.08186 0.100184 16
5.08815 0.0944882 17
5.08255 0.0894046 18
5.07335 0.0851709 19
5.06593 0.0812347 20
5.04379 0.0803266 21
5.02162 0.0796775 22
5.00319 0.0783147 23
4.99005 0.0761465 24
5.00083 0.0738593 25
5.00263 0.0710406 26
5.03502 0.0754326 27
5.02658 0.0732087 28
5.01895 0.0710809 29
5.03429 0.0703469 30
5.04013 0.0683195 31
5.03682 0.0662646 32
5.05255 0.0660969 33
5.04501 0.0645818 34
5.04815 0.0628132 35
5.04822 0.0610684 36
5.04223 0.0597106 37
5.03854 0.0582536 38
5.03034 0.0573345 39
5.0458 0.0579493 40
5.03578 0.057396 41
5.03123 0.0562091 42
5.03801 0.0553089 43
5.03113 0.0544781 44
5.01913 0.0545734 45
5.02712 0.0539684 46
5.02013 0.0532709 47
5.02354 0.0522702 48
5.03948 0.0535782 49
5.02595 0.0541881 50
5.02094 0.0533567 51
5.0245 0.0524495 52
5.01947 0.0516999 53
5.01495 0.0509402 54
5.00935 0.0503206 55
5.01388 0.0496256 56
5.00381 0.049767 57
5.00314 0.0489134 58
4.99922 0.0482415 59
5.00143 0.0474879 60
5.00457 0.046813 61
5.00085 0.0462053 62
5.0005 0.0454733 63
5.00948 0.045641 64
5.00408 0.0452566 65
4.99912 0.0448418 66
5.00425 0.0444645 67
5.00796 0.043965 68
5.01566 0.0439972 69
5.00585 0.044448 70
5.00255 0.0439443 71
5.00931 0.0438509 72
5.00491 0.0434703 73
5.01271 0.0435756 74
5.01209 0.0429989 75
5.01595 0.0426056 76
5.01477 0.0420686 77
5.01079 0.0417167 78
5.00715 0.0413473 79
5.00651 0.0408355 80
5.00481 0.0403665 81
4.99891 0.0403043 82
4.99989 0.0398308 83
4.99984 0.0393567 84
5.00002 0.0388941 85
4.99749 0.0385244 86
4.99269 0.0383797 87
4.99676 0.0381592 88
4.9999 0.0378592 89
5.00694 0.038088 90
5.0061 0.0376787 91
5.00785 0.0373096 92
5.00973 0.036956 93
5.01375 0.0367801 94
5.01134 0.036472 95
5.01292 0.0361267 96
5.01133 0.0357895 97
5.01026 0.0354401 98
5.01055 0.0350833 99
