4.77653 0 1
4.91005 0.0944168 2
4.91291 0.0629876 3
5.01265 0.0984532 4
5.04733 0.0846505 5
4.96637 0.10217 6
4.98261 0.0888559 7
4.97597 0.0779966 8
5.00133 0.0733368 9
4.9677 0.0733063 10
5.00748 0.0766788 11
5.04014 0.0769304 12
5.03932 0.0710171 13
5.08953 0.0817933 14
5.08963 0.0763404 15
5.11023 0.0742983 16
5.0968 0.0711323 17
5.08148 0.0688108 18
5.07161 0.0658922 19
5.06411 0.0630232 20
5.05706 0.0604149 21
5.04374 0.059119 22
5.07446 0.0640339 23
5.07925 0.0615442 24
5.08284 0.0591872 25
5.07712 0.057186 26
5.09656 0.0582764 27
5.09663 0.0561951 28
5.09238 0.0544182 29
5.09345 0.0526148 30
5.09747 0.0510713 31
5.09843 0.0494843 32
5.0846 0.0498802 33
5.0837 0.0484212 34
5.09192 0.0477296 35
5.09541 0.0465314 36
5.09276 0.045349 37
5.1008 0.0448621 38
5.09477 0.0441153 39
5.10547 0.0442917 40
5.12101 0.0458575 41
5.1322 0.0461106 42
5.13664 0.0452514 43
5.12182 0.0465883 44
5.12154 0.0455539 45
5.11846 0.0446674 46
5.12375 0.0440287 47
5.11192 0.0446717 48
5.11019 0.0437933 49
5.10079 0.0439145 50
5.09906 0.0430876 51
5.10105 0.042305 52
5.09503 0.0419343 53
5.08893 0.0415978 54
5.08627 0.0409268 55
5.08269 0.040352 56
5.08052 0.0397023 57
5.07496 0.0394055 58
5.07234 0.0388245 59
5.06932 0.038295 60
5.06792 0.0376926 61
5.07406 0.0375809 62
5.06322 0.0385162 63
5.0728 0.0390883 64
5.07045 0.0385578 65
5.07078 0.037975 66
5.07713 0.0379355 67
5.07265 0.0376404 68
5.06861 0.037311 69
5.0624 0.0372927 70
5.05864 0.0369559 71
5.0536 0.0367852 72
5.04885 0.036586 73
5.0537 0.0364116 74
5.05263 0.0359418 75
5.04912 0.0356407 76
5.04919 0.0351779 77
5.04425 0.0350725 78
5.03865 0.0350725 79
5.03642 0.0347049 80
5.03985 0.0344461 81
5.04323 0.0341913 82
5.03605 0.0345258 83
5.03951 0.0342875 84
5.03729 0.033956 85
5.03684 0.033564 86
5.03896 0.0332451 87
5.03707 0.0329214 88
5.03931 0.0326281 89
5.03537 0.0325033 90
5.03061 0.0324922 91
5.0338 0.0322954 92
5.02822 0.0324279 93
5.02363 0.0324063 94
5.02597 0.0321496 95
5.02425 0.0318604 96
5.02471 0.0315352 97
5.02292 0.0312641 98
5.02578 0.0310789 99
