1.46594 0 1
1.58564 0.0846394 2
1.6221 0.0637971 3
1.6306 0.0484111 4
1.58791 0.054387 5
1.5605 0.0517693 6
1.55329 0.0448739 7
1.53078 0.0445532 8
1.51538 0.0421782 9
1.49875 0.0411091 10
1.50021 0.0373976 11
1.50613 0.0347466 12
1.5151 0.0332131 13
1.5271 0.0329373 14
1.51714 0.0322126 15
1.52138 0.0304774 16
1.54954 0.0396105 17
1.55478 0.0377552 18
1.54311 0.0375286 19
1.54107 0.0357079 20
1.53424 0.034653 21
1.54438 0.0345295 22
1.54516 0.0330369 23
1.53717 0.0326117 24
1.53629 0.031319 25
1.53394 0.030203 26
1.52721 0.0298233 27
1.52396 0.0289348 28
1.5225 0.027974 29
1.51884 0.0272804 30
1.52122 0.0265039 31
1.51474 0.0264554 32
1.5165 0.0257122 33
1.51601 0.0249607 34
1.51249 0.0244945 35
1.51562 0.0240135 36
1.51421 0.0234059 37
1.50698 0.0238795 38
1.5137 0.024194 39
1.51313 0.0235958 40
1.51337 0.0230215 41
1.51375 0.0224764 42
1.5176 0.0222817 43
1.5165 0.0218026 44
1.5156 0.0213365 45
1.51728 0.0209386 46
1.51396 0.0207548 47
1.51384 0.0203228 48
1.51397 0.0199084 49
1.51368 0.0195123 50
1.51522 0.0191904 51
1.51758 0.0189657 52
1.5142 0.0189066 53
1.51525 0.0185855 54
1.51745 0.0183783 55
1.51551 0.0181526 56
1.51649 0.0178606 57
1.51876 0.0176966 58
1.51949 0.0174115 59
1.51729 0.0172594 60
1.51704 0.0169783 61
1.52007 0.0169727 62
1.51917 0.0167268 63
1.5175 0.0165492 64
1.51574 0.016388 65
1.51505 0.0161539 66
1.51558 0.0159213 67
1.51527 0.0156901 68
1.51544 0.0154635 69
1.51971 0.0158227 70
1.51929 0.0156055 71
1.5182 0.0154261 72
1.52056 0.0153931 73
1.51846 0.0153279 74
1.52038 0.0152435 75
1.5175 0.0153119 76
1.51637 0.015155 77
1.51702 0.0149749 78
1.51546 0.0148664 79
1.51564 0.0146816 80
1.51453 0.0145418 81
1.51469 0.0143653 82
1.51259 0.0143443 83
1.51159 0.0142083 84
1.51047 0.0140855 85
1.51012 0.0139261 86
1.51097 0.0137918 87
1.50763 0.0140317 88
1.50937 0.0139806 89
1.50678 0.0140631 90
1.50842 0.0140041 91
1.50788 0.0138623 92
1.50485 0.0140407 93
1.50425 0.0139042 94
1.50505 0.0137811 95
1.50659 0.0137238 96
1.50611 0.0135909 97
1.50826 0.0136208 98
1.50848 0.013485 99
