1.5476 0 1
1.6398 0.0651936 2
1.53284 0.0975493 3
1.5266 0.0733609 4
1.54481 0.0609053 5
1.51025 0.0597571 6
1.50663 0.05133 7
1.48415 0.0495947 8
1.47815 0.0444448 9
1.48393 0.0403734 10
1.48086 0.0368192 11
1.49355 0.0358719 12
1.47916 0.0358844 13
1.48179 0.0334172 14
1.47368 0.0321581 15
1.46874 0.0305251 16
1.47348 0.029096 17
1.47257 0.027494 18
1.4781 0.0265985 19
1.48081 0.0254062 20
1.48009 0.0242066 21
1.47923 0.0231216 22
1.48562 0.0229813 23
1.48574 0.022024 24
1.48641 0.0211533 25
1.48595 0.0203446 26
1.48348 0.0197415 27
1.4857 0.0191618 28
1.49072 0.0191458 29
1.49334 0.0186868 30
1.49062 0.0182815 31
1.48782 0.0179238 32
1.48651 0.0174282 33
1.48206 0.0174756 34
1.48581 0.0173754 35
1.48334 0.0170672 36
1.48323 0.0166063 37
1.49691 0.0210646 38
1.49608 0.0205408 39
1.49135 0.0205645 40
1.49234 0.0200864 41
1.49623 0.0199813 42
1.49879 0.0196801 43
1.49951 0.0192461 44
1.50072 0.018856 45
1.49917 0.0185092 46
1.50038 0.018155 47
1.50214 0.0178611 48
1.50162 0.0175039 49
1.50065 0.0171807 50
1.50021 0.0168495 51
1.49805 0.016663 52
1.49524 0.0165836 53
1.49199 0.0165924 54
1.49174 0.0162926 55
1.49282 0.0160378 56
1.49266 0.0157573 57
1.49629 0.0158999 58
1.49829 0.0157546 59
1.49854 0.0154941 60
1.49793 0.0152521 61
1.49563 0.0151786 62
1.49097 0.0156388 63
1.48943 0.0154701 64
1.48976 0.0152357 65
1.48814 0.0150908 66
1.49072 0.0150844 67
1.4908 0.0148628 68
1.49278 0.014779 69
1.49512 0.0147513 70
1.49404 0.0145826 71
1.49165 0.0145752 72
1.4909 0.0143946 73
1.49209 0.0142487 74
1.49078 0.0141185 75
1.48885 0.0140649 76
1.48763 0.0139342 77
1.48532 0.0139467 78
1.48557 0.0137725 79
1.48468 0.0136289 80
1.48363 0.0135016 81
1.48302 0.0133504 82
1.48239 0.0132048 83
1.48537 0.01338 84
1.48843 0.0135687 85
1.48784 0.0134238 86
1.48801 0.0132705 87
1.4883 0.0131229 88
1.48769 0.0129898 89
1.48981 0.0130176 90
1.48928 0.0128853 91
1.4905 0.0128026 92
1.49054 0.012665 93
1.48806 0.0127714 94
1.48673 0.0127056 95
1.48495 0.0126971 96
1.4836 0.0126383 97
1.48349 0.0125099 98
1.48436 0.0124141 99
